<testsuites name="jest tests">
  <testsuite name="/src/test/__tests__/components/simpletest.js" tests="1" errors="0" failures="0" skipped="0" timestamp="2017-09-28T17:28:14" time="1.139">
    <testcase classname=" - simple test" name=" - simple test" time="0.006">
    </testcase>
  </testsuite>
</testsuites>